<?xml version="1.0" encoding="UTF-8"?>
<testsuite name="sample.SampleTestsAndroid" tests="1" skipped="0" failures="0" errors="0" timestamp="2019-08-01T03:52:02" hostname="MacBook-Pro-de-Roberto.local" time="0.007">
  <properties/>
  <testcase name="testHello" classname="sample.SampleTestsAndroid" time="0.007"/>
  <system-out><![CDATA[]]></system-out>
  <system-err><![CDATA[]]></system-err>
</testsuite>
